══ Documenting ═════════════════════════════════════════════════════════════════
ℹ Updating engager documentation
ℹ Loading engager
Welcome to engager!
- Start with: vignette('getting-started', package='engager')
- Core functions: vignette('essential-functions', package='engager')
- Sample data: system.file('extdata/transcripts', package='engager')
- Quick example: example(summarize_transcript_metrics)

To suppress this message: options(engager.show_startup = FALSE)

══ Building ════════════════════════════════════════════════════════════════════
Setting env vars:
• CFLAGS    : -Wall -pedantic
• CXXFLAGS  : -Wall -pedantic
• CXX11FLAGS: -Wall -pedantic
• CXX14FLAGS: -Wall -pedantic
• CXX17FLAGS: -Wall -pedantic
• CXX20FLAGS: -Wall -pedantic
── R CMD build ─────────────────────────────────────────────────────────────────
* checking for file ‘/Users/piper/git/zoomstudentengagement/DESCRIPTION’ ... OK
* preparing ‘engager’:
* checking DESCRIPTION meta-information ... OK
* installing the package to build vignettes
* creating vignettes ... ERROR
--- re-building ‘essential-functions.Rmd’ using rmarkdown

Quitting from essential-functions.Rmd:46-55 [load-transcript]
~~~~~~~~~~~~~~~~~~~~~~~~~~~~~~~~~~~~~~~~~~~~~~~~~~~~~~~~~~~~~~~~~~~~~~~~~~~~~~~~
<error/rlang_error>
Error in `load_zoom_transcript()`:
! could not find function "load_zoom_transcript"
~~~~~~~~~~~~~~~~~~~~~~~~~~~~~~~~~~~~~~~~~~~~~~~~~~~~~~~~~~~~~~~~~~~~~~~~~~~~~~~~

Error: processing vignette 'essential-functions.Rmd' failed with diagnostics:
could not find function "load_zoom_transcript"
--- failed re-building ‘essential-functions.Rmd’

--- re-building ‘ferpa-ethics.Rmd’ using rmarkdown
--- finished re-building ‘ferpa-ethics.Rmd’

--- re-building ‘getting-started.Rmd’ using rmarkdown

Quitting from getting-started.Rmd:43-69 [quick-start]
~~~~~~~~~~~~~~~~~~~~~~~~~~~~~~~~~~~~~~~~~~~~~~~~~~~~~~~~~~~~~~~~~~~~~~~~~~~~~~~~
<error/rlang_error>
Error in `process_zoom_transcript()`:
! could not find function "process_zoom_transcript"
~~~~~~~~~~~~~~~~~~~~~~~~~~~~~~~~~~~~~~~~~~~~~~~~~~~~~~~~~~~~~~~~~~~~~~~~~~~~~~~~

Error: processing vignette 'getting-started.Rmd' failed with diagnostics:
could not find function "process_zoom_transcript"
--- failed re-building ‘getting-started.Rmd’

--- re-building ‘plotting.Rmd’ using rmarkdown

Quitting from plotting.Rmd:106-109 [basic-plots]
~~~~~~~~~~~~~~~~~~~~~~~~~~~~~~~~~~~~~~~~~~~~~~~~~~~~~~~~~~~~~~~~~~~~~~~~~~~~~~~~
<error/rlang_error>
Error in `plot_users()`:
! could not find function "plot_users"
~~~~~~~~~~~~~~~~~~~~~~~~~~~~~~~~~~~~~~~~~~~~~~~~~~~~~~~~~~~~~~~~~~~~~~~~~~~~~~~~

Error: processing vignette 'plotting.Rmd' failed with diagnostics:
could not find function "plot_users"
--- failed re-building ‘plotting.Rmd’

SUMMARY: processing the following files failed:
  ‘essential-functions.Rmd’ ‘getting-started.Rmd’ ‘plotting.Rmd’

Error: Vignette re-building failed.
Execution halted
Error in `(function (command = NULL, args = character(), error_on_status = TRUE, …`:
! System command 'R' failed
---
Exit status: 1
stdout & stderr: <printed>
---
Backtrace:
 1. devtools::check()
 2. withr::with_envvar(pkgbuild::compiler_flags(FALSE), action = "prefix", …
 3. base::force(code)
 4. pkgbuild::build(pkg$path, tempdir(), args = build_args, quiet = quiet, …
 5. pkgbuild:::withr_with_makevars(compiler_flags(debug = FALSE), { …
 6. pkgbuild:::withr_with_envvar(c(R_MAKEVARS_USER = makevars_file), { …
 7. base::force(code)
 8. base::force(code)
 9. pkgbuild:::withr_with_temp_libpaths(rcmd_build_tools(options$cmd, c(options$path, …
10. base::force(code)
11. pkgbuild::rcmd_build_tools(options$cmd, c(options$path, options$args), …
12. pkgbuild::with_build_tools({ …
13. base::withCallingHandlers(callr::rcmd_safe(..., env = env, spinner = FALSE, …
14. callr::rcmd_safe(..., env = env, spinner = FALSE, show = FALSE, …
15. callr:::run_r(options)
16. base::with(options, with_envvar(env, do.call(processx::run, c(list(bin, …
17. base::with.default(options, with_envvar(env, do.call(processx::run, …
18. base::eval(substitute(expr), data, enclos = parent.frame())
19. base::eval(substitute(expr), data, enclos = parent.frame())
20. callr:::with_envvar(env, do.call(processx::run, c(list(bin, args = real_cmdargs, …
21. base::force(code)
22. base::do.call(processx::run, c(list(bin, args = real_cmdargs, stdout_line_callba…
23. (function (command = NULL, args = character(), error_on_status = TRUE, …
24. base::throw(new_process_error(res, call = sys.call(), echo = echo, …
25. | base::signalCondition(cond)
26. (function (e) …
27. asNamespace("callr")$err$throw(e)
Execution halted
