ℹ Installing zoomstudentengagement in temporary library
ℹ Building vignettes for zoomstudentengagement
--- re-building ‘essential-functions.Rmd’ using rmarkdown


processing file: essential-functions.Rmd
1/13                      
2/13 [setup]              
3/13                      
4/13 [essential-functions]
5/13                      
6/13 [load-transcript]    
7/13                      
8/13 [process-transcript] 
9/13                      
10/13 [analyze-engagement] 
11/13                      
12/13 [privacy-compliance] 
13/13                      
output file: essential-functions.knit.md

/opt/homebrew/bin/pandoc +RTS -K512m -RTS essential-functions.knit.md --to html4 --from markdown+autolink_bare_uris+tex_math_single_backslash --output /Users/piper/git/zoomstudentengagement/vignettes/essential-functions.html --lua-filter /Library/Frameworks/R.framework/Versions/4.1-arm64/Resources/library/rmarkdown/rmarkdown/lua/pagebreak.lua --lua-filter /Library/Frameworks/R.framework/Versions/4.1-arm64/Resources/library/rmarkdown/rmarkdown/lua/latex-div.lua --embed-resources --standalone --section-divs --template /Library/Frameworks/R.framework/Versions/4.1-arm64/Resources/library/rmarkdown/rmd/h/default.html --highlight-style pygments --css /Library/Frameworks/R.framework/Versions/4.1-arm64/Resources/library/rmarkdown/rmarkdown/templates/html_vignette/resources/vignette.css --mathjax --variable 'mathjax-url=https://mathjax.rstudio.com/latest/MathJax.js?config=TeX-AMS-MML_HTMLorMML' --include-in-header /var/folders/gm/wnk5gljx6yd_ffmqb8vf48qh0000gn/T//RtmpH816bY/rmarkdown-strc9d23f8be21c.html 

Output created: essential-functions.html
--- finished re-building ‘essential-functions.Rmd’

--- re-building ‘ferpa-ethics.Rmd’ using rmarkdown


processing file: ferpa-ethics.Rmd
1/1
output file: ferpa-ethics.knit.md

/opt/homebrew/bin/pandoc +RTS -K512m -RTS ferpa-ethics.knit.md --to html4 --from markdown+autolink_bare_uris+tex_math_single_backslash --output /Users/piper/git/zoomstudentengagement/vignettes/ferpa-ethics.html --lua-filter /Library/Frameworks/R.framework/Versions/4.1-arm64/Resources/library/rmarkdown/rmarkdown/lua/pagebreak.lua --lua-filter /Library/Frameworks/R.framework/Versions/4.1-arm64/Resources/library/rmarkdown/rmarkdown/lua/latex-div.lua --embed-resources --standalone --section-divs --template /Library/Frameworks/R.framework/Versions/4.1-arm64/Resources/library/rmarkdown/rmd/h/default.html --highlight-style pygments --css /Library/Frameworks/R.framework/Versions/4.1-arm64/Resources/library/rmarkdown/rmarkdown/templates/html_vignette/resources/vignette.css --mathjax --variable 'mathjax-url=https://mathjax.rstudio.com/latest/MathJax.js?config=TeX-AMS-MML_HTMLorMML' --include-in-header /var/folders/gm/wnk5gljx6yd_ffmqb8vf48qh0000gn/T//RtmpH816bY/rmarkdown-strc9d278a9bcdb.html 

Output created: ferpa-ethics.html


processing file: ferpa-ethics.Rmd
1/1
output file: ferpa-ethics.R

--- finished re-building ‘ferpa-ethics.Rmd’

ℹ Copying vignettes
ℹ Moving 'essential-functions.html', 'ferpa-ethics.html',
  'essential-functions.R', and 'ferpa-ethics.R' to 'doc/'
ℹ Copying 'essential-functions.Rmd' and 'ferpa-ethics.Rmd' to 'doc/'
ℹ Building vignette index
